<?xml version="1.0" encoding="UTF-8"?>
<!-- Generated by org.testng.reporters.JUnitReportReporter -->
<testsuite name="com.automation.test.automationUI.AutomationUi" tests="1" time="23.709" ignored="0" failures="0" timestamp="27 Jan 2018 22:09:42 GMT" skipped="0" hostname="CSCINDAH503788" errors="0">
  <testcase name="greenCargoReport" time="23.709" classname="com.automation.test.automationUI.AutomationUi"/>
</testsuite> <!-- com.automation.test.automationUI.AutomationUi -->
